  [1m[35m (457.0ms)[0m  [1m[35mCREATE DATABASE "ebae_development" ENCODING = 'unicode'[0m
  ↳ bin/rails:9
  [1m[35m (273.3ms)[0m  [1m[35mCREATE DATABASE "ebae_test" ENCODING = 'unicode'[0m
  ↳ bin/rails:9
  [1m[35m (6.7ms)[0m  [1m[35mCREATE TABLE "schema_migrations" ("version" character varying NOT NULL PRIMARY KEY)[0m
  ↳ bin/rails:9
  [1m[35m (4.3ms)[0m  [1m[35mCREATE TABLE "ar_internal_metadata" ("key" character varying NOT NULL PRIMARY KEY, "value" character varying, "created_at" timestamp NOT NULL, "updated_at" timestamp NOT NULL)[0m
  ↳ bin/rails:9
  [1m[35m (0.2ms)[0m  [1m[34mSELECT pg_try_advisory_lock(5604237001279739235)[0m
  ↳ bin/rails:9
  [1m[35m (0.5ms)[0m  [1m[34mSELECT "schema_migrations"."version" FROM "schema_migrations" ORDER BY "schema_migrations"."version" ASC[0m
  ↳ bin/rails:9
Migrating to CreateUsers (20190820154655)
  [1m[35m (0.2ms)[0m  [1m[35mBEGIN[0m
  ↳ bin/rails:9
  [1m[35m (4.8ms)[0m  [1m[35mCREATE TABLE "users" ("id" bigserial primary key, "name" character varying, "balance" integer, "img_url" character varying, "created_at" timestamp NOT NULL, "updated_at" timestamp NOT NULL)[0m
  ↳ db/migrate/20190820154655_create_users.rb:3
  [1m[36mActiveRecord::SchemaMigration Create (0.3ms)[0m  [1m[32mINSERT INTO "schema_migrations" ("version") VALUES ($1) RETURNING "version"[0m  [["version", "20190820154655"]]
  ↳ bin/rails:9
  [1m[35m (0.8ms)[0m  [1m[35mCOMMIT[0m
  ↳ bin/rails:9
Migrating to CreateItems (20190820154709)
  [1m[35m (0.2ms)[0m  [1m[35mBEGIN[0m
  ↳ bin/rails:9
  [1m[35m (4.8ms)[0m  [1m[35mCREATE TABLE "items" ("id" bigserial primary key, "name" character varying, "description" character varying, "state" character varying, "price" integer, "img_url" character varying, "user_id" bigint, "created_at" timestamp NOT NULL, "updated_at" timestamp NOT NULL, CONSTRAINT "fk_rails_d4b6334db2"
FOREIGN KEY ("user_id")
  REFERENCES "users" ("id")
)[0m
  ↳ db/migrate/20190820154709_create_items.rb:3
  [1m[35m (1.5ms)[0m  [1m[35mCREATE  INDEX  "index_items_on_user_id" ON "items"  ("user_id")[0m
  ↳ db/migrate/20190820154709_create_items.rb:3
  [1m[36mActiveRecord::SchemaMigration Create (0.2ms)[0m  [1m[32mINSERT INTO "schema_migrations" ("version") VALUES ($1) RETURNING "version"[0m  [["version", "20190820154709"]]
  ↳ bin/rails:9
  [1m[35m (0.7ms)[0m  [1m[35mCOMMIT[0m
  ↳ bin/rails:9
  [1m[36mActiveRecord::InternalMetadata Load (0.4ms)[0m  [1m[34mSELECT  "ar_internal_metadata".* FROM "ar_internal_metadata" WHERE "ar_internal_metadata"."key" = $1 LIMIT $2[0m  [["key", "environment"], ["LIMIT", 1]]
  ↳ bin/rails:9
  [1m[35m (0.7ms)[0m  [1m[35mBEGIN[0m
  ↳ bin/rails:9
  [1m[36mActiveRecord::InternalMetadata Create (0.4ms)[0m  [1m[32mINSERT INTO "ar_internal_metadata" ("key", "value", "created_at", "updated_at") VALUES ($1, $2, $3, $4) RETURNING "key"[0m  [["key", "environment"], ["value", "development"], ["created_at", "2019-10-28 03:56:56.242058"], ["updated_at", "2019-10-28 03:56:56.242058"]]
  ↳ bin/rails:9
  [1m[35m (0.7ms)[0m  [1m[35mCOMMIT[0m
  ↳ bin/rails:9
  [1m[35m (0.3ms)[0m  [1m[34mSELECT pg_advisory_unlock(5604237001279739235)[0m
  ↳ bin/rails:9
  [1m[35m (0.3ms)[0m  [1m[34mSELECT "schema_migrations"."version" FROM "schema_migrations" ORDER BY "schema_migrations"."version" ASC[0m
  ↳ bin/rails:9
  [1m[35m (0.6ms)[0m  [1m[34mSELECT "schema_migrations"."version" FROM "schema_migrations" ORDER BY "schema_migrations"."version" ASC[0m
  ↳ bin/rails:9
  [1m[36mItem Destroy (0.4ms)[0m  [1m[31mDELETE FROM "items"[0m
  ↳ db/seeds.rb:10
  [1m[35m (0.2ms)[0m  [1m[35mBEGIN[0m
  ↳ db/seeds.rb:13
  [1m[36mUser Create (0.6ms)[0m  [1m[32mINSERT INTO "users" ("name", "balance", "img_url", "created_at", "updated_at") VALUES ($1, $2, $3, $4, $5) RETURNING "id"[0m  [["name", "Solon"], ["balance", 152], ["img_url", "..\\pubic\\I60Hf.png"], ["created_at", "2019-10-28 03:57:03.124011"], ["updated_at", "2019-10-28 03:57:03.124011"]]
  ↳ db/seeds.rb:13
  [1m[35m (0.7ms)[0m  [1m[35mCOMMIT[0m
  ↳ db/seeds.rb:13
  [1m[35m (0.2ms)[0m  [1m[35mBEGIN[0m
  ↳ db/seeds.rb:13
  [1m[36mUser Create (0.3ms)[0m  [1m[32mINSERT INTO "users" ("name", "balance", "img_url", "created_at", "updated_at") VALUES ($1, $2, $3, $4, $5) RETURNING "id"[0m  [["name", "Galen"], ["balance", 99], ["img_url", "..\\pubic\\I60Hf.png"], ["created_at", "2019-10-28 03:57:03.126977"], ["updated_at", "2019-10-28 03:57:03.126977"]]
  ↳ db/seeds.rb:13
  [1m[35m (0.7ms)[0m  [1m[35mCOMMIT[0m
  ↳ db/seeds.rb:13
  [1m[35m (0.2ms)[0m  [1m[35mBEGIN[0m
  ↳ db/seeds.rb:13
  [1m[36mUser Create (0.3ms)[0m  [1m[32mINSERT INTO "users" ("name", "balance", "img_url", "created_at", "updated_at") VALUES ($1, $2, $3, $4, $5) RETURNING "id"[0m  [["name", "Posidonius"], ["balance", 435], ["img_url", "..\\pubic\\I60Hf.png"], ["created_at", "2019-10-28 03:57:03.129378"], ["updated_at", "2019-10-28 03:57:03.129378"]]
  ↳ db/seeds.rb:13
  [1m[35m (0.7ms)[0m  [1m[35mCOMMIT[0m
  ↳ db/seeds.rb:13
  [1m[35m (0.2ms)[0m  [1m[35mBEGIN[0m
  ↳ db/seeds.rb:13
  [1m[36mUser Create (0.3ms)[0m  [1m[32mINSERT INTO "users" ("name", "balance", "img_url", "created_at", "updated_at") VALUES ($1, $2, $3, $4, $5) RETURNING "id"[0m  [["name", "Plutarch"], ["balance", 146], ["img_url", "..\\pubic\\I60Hf.png"], ["created_at", "2019-10-28 03:57:03.131852"], ["updated_at", "2019-10-28 03:57:03.131852"]]
  ↳ db/seeds.rb:13
  [1m[35m (0.6ms)[0m  [1m[35mCOMMIT[0m
  ↳ db/seeds.rb:13
  [1m[35m (0.2ms)[0m  [1m[35mBEGIN[0m
  ↳ db/seeds.rb:13
  [1m[36mUser Create (0.3ms)[0m  [1m[32mINSERT INTO "users" ("name", "balance", "img_url", "created_at", "updated_at") VALUES ($1, $2, $3, $4, $5) RETURNING "id"[0m  [["name", "Epicurus"], ["balance", 236], ["img_url", "..\\pubic\\I60Hf.png"], ["created_at", "2019-10-28 03:57:03.134132"], ["updated_at", "2019-10-28 03:57:03.134132"]]
  ↳ db/seeds.rb:13
  [1m[35m (0.6ms)[0m  [1m[35mCOMMIT[0m
  ↳ db/seeds.rb:13
  [1m[36mUser Load (0.3ms)[0m  [1m[34mSELECT "users".* FROM "users"[0m
  ↳ db/seeds.rb:22
  [1m[35m (0.2ms)[0m  [1m[35mBEGIN[0m
  ↳ db/seeds.rb:17
  [1m[36mItem Create (0.6ms)[0m  [1m[32mINSERT INTO "items" ("name", "description", "state", "price", "img_url", "user_id", "created_at", "updated_at") VALUES ($1, $2, $3, $4, $5, $6, $7, $8) RETURNING "id"[0m  [["name", "Lightweight Iron Table"], ["description", "I will speak daggers to her, but use none."], ["state", "sell"], ["price", 86], ["img_url", "..\\backend\\public\\l60Hf.png"], ["user_id", 5], ["created_at", "2019-10-28 03:57:03.161402"], ["updated_at", "2019-10-28 03:57:03.161402"]]
  ↳ db/seeds.rb:17
  [1m[35m (0.7ms)[0m  [1m[35mCOMMIT[0m
  ↳ db/seeds.rb:17
  [1m[36mUser Load (0.2ms)[0m  [1m[34mSELECT "users".* FROM "users"[0m
  ↳ db/seeds.rb:22
  [1m[35m (0.2ms)[0m  [1m[35mBEGIN[0m
  ↳ db/seeds.rb:17
  [1m[36mItem Create (0.3ms)[0m  [1m[32mINSERT INTO "items" ("name", "description", "state", "price", "img_url", "user_id", "created_at", "updated_at") VALUES ($1, $2, $3, $4, $5, $6, $7, $8) RETURNING "id"[0m  [["name", "Incredible Wool Shoes"], ["description", "A little more than kin, and less than kind."], ["state", "sell"], ["price", 87], ["img_url", "..\\backend\\public\\l60Hf.png"], ["user_id", 5], ["created_at", "2019-10-28 03:57:03.165107"], ["updated_at", "2019-10-28 03:57:03.165107"]]
  ↳ db/seeds.rb:17
  [1m[35m (97.1ms)[0m  [1m[35mCOMMIT[0m
  ↳ db/seeds.rb:17
  [1m[36mUser Load (0.3ms)[0m  [1m[34mSELECT "users".* FROM "users"[0m
  ↳ db/seeds.rb:22
  [1m[35m (0.2ms)[0m  [1m[35mBEGIN[0m
  ↳ db/seeds.rb:17
  [1m[36mItem Create (0.4ms)[0m  [1m[32mINSERT INTO "items" ("name", "description", "state", "price", "img_url", "user_id", "created_at", "updated_at") VALUES ($1, $2, $3, $4, $5, $6, $7, $8) RETURNING "id"[0m  [["name", "Mediocre Bronze Shirt"], ["description", "To be, or not to be: that is the question."], ["state", "sell"], ["price", 48], ["img_url", "..\\backend\\public\\l60Hf.png"], ["user_id", 4], ["created_at", "2019-10-28 03:57:03.265043"], ["updated_at", "2019-10-28 03:57:03.265043"]]
  ↳ db/seeds.rb:17
  [1m[35m (0.7ms)[0m  [1m[35mCOMMIT[0m
  ↳ db/seeds.rb:17
  [1m[36mUser Load (0.4ms)[0m  [1m[34mSELECT "users".* FROM "users"[0m
  ↳ db/seeds.rb:22
  [1m[35m (0.2ms)[0m  [1m[35mBEGIN[0m
  ↳ db/seeds.rb:17
  [1m[36mItem Create (0.4ms)[0m  [1m[32mINSERT INTO "items" ("name", "description", "state", "price", "img_url", "user_id", "created_at", "updated_at") VALUES ($1, $2, $3, $4, $5, $6, $7, $8) RETURNING "id"[0m  [["name", "Awesome Linen Knife"], ["description", "And it must follow, as the night the day, thou canst not then be false to any man."], ["state", "sell"], ["price", 30], ["img_url", "..\\backend\\public\\l60Hf.png"], ["user_id", 1], ["created_at", "2019-10-28 03:57:03.268518"], ["updated_at", "2019-10-28 03:57:03.268518"]]
  ↳ db/seeds.rb:17
  [1m[35m (0.8ms)[0m  [1m[35mCOMMIT[0m
  ↳ db/seeds.rb:17
  [1m[36mUser Load (0.3ms)[0m  [1m[34mSELECT "users".* FROM "users"[0m
  ↳ db/seeds.rb:22
  [1m[35m (0.2ms)[0m  [1m[35mBEGIN[0m
  ↳ db/seeds.rb:17
  [1m[36mItem Create (0.4ms)[0m  [1m[32mINSERT INTO "items" ("name", "description", "state", "price", "img_url", "user_id", "created_at", "updated_at") VALUES ($1, $2, $3, $4, $5, $6, $7, $8) RETURNING "id"[0m  [["name", "Synergistic Steel Wallet"], ["description", "There is nothing either good or bad, but thinking makes it so."], ["state", "sell"], ["price", 70], ["img_url", "..\\backend\\public\\l60Hf.png"], ["user_id", 5], ["created_at", "2019-10-28 03:57:03.272229"], ["updated_at", "2019-10-28 03:57:03.272229"]]
  ↳ db/seeds.rb:17
  [1m[35m (0.7ms)[0m  [1m[35mCOMMIT[0m
  ↳ db/seeds.rb:17
  [1m[36mUser Load (0.2ms)[0m  [1m[34mSELECT "users".* FROM "users"[0m
  ↳ db/seeds.rb:22
  [1m[35m (0.2ms)[0m  [1m[35mBEGIN[0m
  ↳ db/seeds.rb:17
  [1m[36mItem Create (0.3ms)[0m  [1m[32mINSERT INTO "items" ("name", "description", "state", "price", "img_url", "user_id", "created_at", "updated_at") VALUES ($1, $2, $3, $4, $5, $6, $7, $8) RETURNING "id"[0m  [["name", "Mediocre Marble Chair"], ["description", "The lady doth protest too much, methinks."], ["state", "sell"], ["price", 95], ["img_url", "..\\backend\\public\\l60Hf.png"], ["user_id", 5], ["created_at", "2019-10-28 03:57:03.275429"], ["updated_at", "2019-10-28 03:57:03.275429"]]
  ↳ db/seeds.rb:17
  [1m[35m (0.7ms)[0m  [1m[35mCOMMIT[0m
  ↳ db/seeds.rb:17
  [1m[36mUser Load (0.3ms)[0m  [1m[34mSELECT "users".* FROM "users"[0m
  ↳ db/seeds.rb:22
  [1m[35m (0.2ms)[0m  [1m[35mBEGIN[0m
  ↳ db/seeds.rb:17
  [1m[36mItem Create (0.3ms)[0m  [1m[32mINSERT INTO "items" ("name", "description", "state", "price", "img_url", "user_id", "created_at", "updated_at") VALUES ($1, $2, $3, $4, $5, $6, $7, $8) RETURNING "id"[0m  [["name", "Mediocre Silk Table"], ["description", "Rich gifts wax poor when givers prove unkind."], ["state", "sell"], ["price", 25], ["img_url", "..\\backend\\public\\l60Hf.png"], ["user_id", 4], ["created_at", "2019-10-28 03:57:03.278688"], ["updated_at", "2019-10-28 03:57:03.278688"]]
  ↳ db/seeds.rb:17
  [1m[35m (498.2ms)[0m  [1m[35mCOMMIT[0m
  ↳ db/seeds.rb:17
  [1m[36mUser Load (0.5ms)[0m  [1m[34mSELECT "users".* FROM "users"[0m
  ↳ db/seeds.rb:22
  [1m[35m (0.2ms)[0m  [1m[35mBEGIN[0m
  ↳ db/seeds.rb:17
  [1m[36mItem Create (0.3ms)[0m  [1m[32mINSERT INTO "items" ("name", "description", "state", "price", "img_url", "user_id", "created_at", "updated_at") VALUES ($1, $2, $3, $4, $5, $6, $7, $8) RETURNING "id"[0m  [["name", "Fantastic Silk Bench"], ["description", "That it should come to this!."], ["state", "sell"], ["price", 87], ["img_url", "..\\backend\\public\\l60Hf.png"], ["user_id", 4], ["created_at", "2019-10-28 03:57:03.780359"], ["updated_at", "2019-10-28 03:57:03.780359"]]
  ↳ db/seeds.rb:17
  [1m[35m (0.8ms)[0m  [1m[35mCOMMIT[0m
  ↳ db/seeds.rb:17
  [1m[36mUser Load (0.3ms)[0m  [1m[34mSELECT "users".* FROM "users"[0m
  ↳ db/seeds.rb:22
  [1m[35m (0.2ms)[0m  [1m[35mBEGIN[0m
  ↳ db/seeds.rb:17
  [1m[36mItem Create (0.4ms)[0m  [1m[32mINSERT INTO "items" ("name", "description", "state", "price", "img_url", "user_id", "created_at", "updated_at") VALUES ($1, $2, $3, $4, $5, $6, $7, $8) RETURNING "id"[0m  [["name", "Practical Leather Coat"], ["description", "Do you think I am easier to be played on than a pipe?"], ["state", "sell"], ["price", 16], ["img_url", "..\\backend\\public\\l60Hf.png"], ["user_id", 3], ["created_at", "2019-10-28 03:57:03.784291"], ["updated_at", "2019-10-28 03:57:03.784291"]]
  ↳ db/seeds.rb:17
  [1m[35m (0.7ms)[0m  [1m[35mCOMMIT[0m
  ↳ db/seeds.rb:17
  [1m[36mUser Load (0.4ms)[0m  [1m[34mSELECT "users".* FROM "users"[0m
  ↳ db/seeds.rb:22
  [1m[35m (0.2ms)[0m  [1m[35mBEGIN[0m
  ↳ db/seeds.rb:17
  [1m[36mItem Create (0.4ms)[0m  [1m[32mINSERT INTO "items" ("name", "description", "state", "price", "img_url", "user_id", "created_at", "updated_at") VALUES ($1, $2, $3, $4, $5, $6, $7, $8) RETURNING "id"[0m  [["name", "Mediocre Silk Keyboard"], ["description", "This above all: to thine own self be true."], ["state", "sell"], ["price", 33], ["img_url", "..\\backend\\public\\l60Hf.png"], ["user_id", 4], ["created_at", "2019-10-28 03:57:03.787938"], ["updated_at", "2019-10-28 03:57:03.787938"]]
  ↳ db/seeds.rb:17
  [1m[35m (2.0ms)[0m  [1m[35mCOMMIT[0m
  ↳ db/seeds.rb:17
  [1m[36mUser Load (0.4ms)[0m  [1m[34mSELECT "users".* FROM "users"[0m
  [1m[36mUser Load (0.2ms)[0m  [1m[34mSELECT  "users".* FROM "users" LIMIT $1[0m  [["LIMIT", 11]]
